<?xml version="1.0" encoding="UTF-8"?>
<!-- Generated by org.testng.reporters.JUnitReportReporter -->
<testsuite skipped="0" hostname="SILICUS215" name="TestClasses.HomePageTest" tests="2" failures="0" timestamp="25 Apr 2017 08:49:23 GMT" time="2.117" errors="0">
  <testcase name="testLogout" time="0.094" classname="TestClasses.HomePageTest"/>
  <testcase name="testLogin" time="2.023" classname="TestClasses.HomePageTest"/>
</testsuite> <!-- TestClasses.HomePageTest -->
