<?xml version="1.0" encoding="UTF-8"?>
<!-- Generated by org.testng.reporters.JUnitReportReporter -->
<testsuite skipped="0" hostname="SILICUS215" name="TestClasses.HomePageTest" tests="1" failures="0" timestamp="25 Apr 2017 08:13:14 GMT" time="2.164" errors="0">
  <testcase name="testLogin" time="2.164" classname="TestClasses.HomePageTest"/>
</testsuite> <!-- TestClasses.HomePageTest -->
