<?xml version="1.0" encoding="UTF-8"?>
<!-- Generated by org.testng.reporters.JUnitReportReporter -->
<testsuite skipped="0" hostname="SILICUS215" name="TestClasses.HomePageTest" tests="3" failures="0" timestamp="26 Apr 2017 11:35:48 GMT" time="33.848" errors="0">
  <testcase name="testEmployeeSearch" time="9.485" classname="TestClasses.HomePageTest"/>
  <testcase name="testLogout" time="4.608" classname="TestClasses.HomePageTest"/>
  <testcase name="testLogin" time="19.755" classname="TestClasses.HomePageTest"/>
</testsuite> <!-- TestClasses.HomePageTest -->
