<?xml version="1.0" encoding="UTF-8"?>
<!-- Generated by org.testng.reporters.JUnitReportReporter -->
<testsuite skipped="0" hostname="SILICUS379" name="TestClasses.HomePageTest" tests="1" failures="0" timestamp="24 Apr 2017 13:58:13 GMT" time="6.200" errors="0">
  <testcase name="testLogin" time="6.200" classname="TestClasses.HomePageTest"/>
</testsuite> <!-- TestClasses.HomePageTest -->
