<?xml version="1.0" encoding="UTF-8"?>
<!-- Generated by org.testng.reporters.JUnitReportReporter -->
<testsuite skipped="0" hostname="SILICUS215" name="TestClasses.HomePageTest" tests="1" failures="0" timestamp="26 Apr 2017 11:01:45 GMT" time="32.167" errors="0">
  <testcase name="testLogin" time="32.167" classname="TestClasses.HomePageTest"/>
</testsuite> <!-- TestClasses.HomePageTest -->
