<?xml version="1.0" encoding="UTF-8"?>
<!-- Generated by org.testng.reporters.JUnitReportReporter -->
<testsuite skipped="1" hostname="Swapnils-MacBook-Pro.local" name="TestClasses.HomePageTest" tests="2" failures="0" timestamp="23 Apr 2017 21:48:11 GMT" time="59.881" errors="1">
  <testcase name="testLogin" time="0.001" classname="TestClasses.HomePageTest">
    <skipped/>
  </testcase> <!-- testLogin -->
  <testcase name="launchBrowser" time="59.880" classname="TestClasses.HomePageTest">
    <error type="org.openqa.selenium.WebDriverException" message="Failed to connect to binary FirefoxBinary(/Applications/Firefox.app/Contents/MacOS/firefox-bin) on port 7055; process output follows: 
1492984047277	addons.manager	DEBUG	Application has been upgraded
1492984047372	addons.manager	DEBUG	Loaded provider scope for resource://gre/modules/addons/XPIProvider.jsm: [&quot;XPIProvider&quot;]
1492984047375	addons.manager	DEBUG	Loaded provider scope for resource://gre/modules/LightweightThemeManager.jsm: [&quot;LightweightThemeManager&quot;]
1492984047381	addons.manager	DEBUG	Loaded provider scope for resource://gre/modules/addons/GMPProvider.jsm
1492984047383	addons.manager	DEBUG	Loaded provider scope for resource://gre/modules/addons/PluginProvider.jsm
1492984047384	addons.manager	DEBUG	Starting provider: XPIProvider
1492984047384	addons.xpi	DEBUG	startup
1492984047385	addons.xpi	INFO	Mapping fxdriver@googlecode.com to /var/folders/4q/gls7zvhn3yb8dmf11j05php80000gn/T/anonymous1844023902494630559webdriver-profile/extensions/fxdriver@googlecode.com
1492984047385	addons.xpi	DEBUG	Ignoring file entry whose name is not a valid add-on ID: /var/folders/4q/gls7zvhn3yb8dmf11j05php80000gn/T/anonymous1844023902494630559webdriver-profile/extensions/webdriver-staging
1492984047386	addons.xpi	INFO	Removing all system add-on upgrades.
1492984047386	addons.xpi	INFO	SystemAddonInstallLocation directory is missing
1492984047387	addons.xpi	INFO	Mapping aushelper@mozilla.org to /Applications/Firefox.app/Contents/Resources/browser/features/aushelper@mozilla.org.xpi
1492984047388	addons.xpi	INFO	Mapping e10srollout@mozilla.org to /Applications/Firefox.app/Contents/Resources/browser/features/e10srollout@mozilla.org.xpi
1492984047388	addons.xpi	INFO	Mapping firefox@getpocket.com to /Applications/Firefox.app/Contents/Resources/browser/features/firefox@getpocket.com.xpi
1492984047389	addons.xpi	INFO	Mapping webcompat@mozilla.org to /Applications/Firefox.app/Contents/Resources/browser/features/webcompat@mozilla.org.xpi
1492984047391	addons.xpi	INFO	Mapping {972ce4c6-7e08-4474-a285-3208198ce6fd} to /Applications/Firefox.app/Contents/Resources/browser/extensions/{972ce4c6-7e08-4474-a285-3208198ce6fd}.xpi
1492984047392	addons.xpi	DEBUG	Skipping unavailable install location app-system-share
1492984047393	addons.xpi	DEBUG	checkForChanges
1492984047394	addons.xpi	INFO	SystemAddonInstallLocation directory is missing
1492984047395	addons.xpi	DEBUG	Loaded add-on state from prefs: {}
1492984047397	addons.xpi	DEBUG	New add-on fxdriver@googlecode.com in app-profile
1492984047398	addons.xpi	DEBUG	getModTime: Recursive scan of fxdriver@googlecode.com
1492984047400	addons.xpi	DEBUG	New add-on aushelper@mozilla.org in app-system-defaults
1492984047401	addons.xpi	DEBUG	getModTime: Recursive scan of aushelper@mozilla.org
1492984047402	addons.xpi	DEBUG	New add-on e10srollout@mozilla.org in app-system-defaults
1492984047402	addons.xpi	DEBUG	getModTime: Recursive scan of e10srollout@mozilla.org
1492984047403	addons.xpi	DEBUG	New add-on firefox@getpocket.com in app-system-defaults
1492984047403	addons.xpi	DEBUG	getModTime: Recursive scan of firefox@getpocket.com
1492984047403	addons.xpi	DEBUG	New add-on webcompat@mozilla.org in app-system-defaults
1492984047404	addons.xpi	DEBUG	getModTime: Recursive scan of webcompat@mozilla.org
1492984047405	addons.xpi	DEBUG	New add-on {972ce4c6-7e08-4474-a285-3208198ce6fd} in app-global
1492984047405	addons.xpi	DEBUG	getModTime: Recursive scan of {972ce4c6-7e08-4474-a285-3208198ce6fd}
1492984047406	addons.xpi	DEBUG	getInstallState changed: true, state: {&quot;app-profile&quot;:{&quot;fxdriver@googlecode.com&quot;:{&quot;d&quot;:&quot;/var/folders/4q/gls7zvhn3yb8dmf11j05php80000gn/T/anonymous1844023902494630559webdriver-profile/extensions/fxdriver@googlecode.com&quot;,&quot;st&quot;:1492984044000,&quot;mt&quot;:1492984044000}},&quot;app-system-defaults&quot;:{&quot;aushelper@mozilla.org&quot;:{&quot;d&quot;:&quot;/Applications/Firefox.app/Contents/Resources/browser/features/aushelper@mozilla.org.xpi&quot;,&quot;st&quot;:1492140540000},&quot;e10srollout@mozilla.org&quot;:{&quot;d&quot;:&quot;/Applications/Firefox.app/Contents/Resources/browser/features/e10srollout@mozilla.org.xpi&quot;,&quot;st&quot;:1492140540000},&quot;firefox@getpocket.com&quot;:{&quot;d&quot;:&quot;/Applications/Firefox.app/Contents/Resources/browser/features/firefox@getpocket.com.xpi&quot;,&quot;st&quot;:1492140541000},&quot;webcompat@mozilla.org&quot;:{&quot;d&quot;:&quot;/Applications/Firefox.app/Contents/Resources/browser/features/webcompat@mozilla.org.xpi&quot;,&quot;st&quot;:1492140541000}},&quot;app-global&quot;:{&quot;{972ce4c6-7e08-4474-a285-3208198ce6fd}&quot;:{&quot;d&quot;:&quot;/Applications/Firefox.app/Contents/Resources/browser/extensions/{972ce4c6-7e08-4474-a285-3208198ce6fd}.xpi&quot;,&quot;st&quot;:1492140540000}}}
1492984047415	addons.xpi-utils	DEBUG	Opening XPI database /var/folders/4q/gls7zvhn3yb8dmf11j05php80000gn/T/anonymous1844023902494630559webdriver-profile/extensions.json
1492984047416	addons.xpi-utils	DEBUG	New add-on fxdriver@googlecode.com installed in app-profile
*** Blocklist::_loadBlocklistFromFile: blocklist is disabled
1492984047433	addons.xpi	WARN	Add-on fxdriver@googlecode.com is not correctly signed.
1492984047434	addons.xpi	WARN	Add-on fxdriver@googlecode.com is not correctly signed.
1492984047436	DeferredSave.extensions.json	DEBUG	Save changes
1492984047437	addons.xpi-utils	DEBUG	New add-on aushelper@mozilla.org installed in app-system-defaults
1492984047442	DeferredSave.extensions.json	DEBUG	Starting timer
1492984047445	DeferredSave.extensions.json	DEBUG	Save changes
1492984047445	addons.xpi-utils	DEBUG	New add-on e10srollout@mozilla.org installed in app-system-defaults
1492984047452	DeferredSave.extensions.json	DEBUG	Save changes
1492984047453	addons.xpi-utils	DEBUG	New add-on firefox@getpocket.com installed in app-system-defaults
1492984047461	DeferredSave.extensions.json	DEBUG	Save changes
1492984047461	addons.xpi-utils	DEBUG	New add-on webcompat@mozilla.org installed in app-system-defaults
1492984047466	DeferredSave.extensions.json	DEBUG	Save changes
1492984047467	addons.xpi-utils	DEBUG	New add-on {972ce4c6-7e08-4474-a285-3208198ce6fd} installed in app-global
1492984047473	DeferredSave.extensions.json	DEBUG	Starting write
1492984047480	DeferredSave.extensions.json	DEBUG	Save changes
1492984047481	DeferredSave.extensions.json	DEBUG	Data changed while write in progress
1492984047482	addons.manager	DEBUG	Registering startup change &#039;installed&#039; for fxdriver@googlecode.com
1492984047482	addons.xpi-utils	DEBUG	Make addon app-profile:fxdriver@googlecode.com visible
1492984047483	DeferredSave.extensions.json	DEBUG	Save changes
1492984047483	addons.manager	DEBUG	Registering startup change &#039;installed&#039; for aushelper@mozilla.org
1492984047495	addons.xpi	DEBUG	Loading bootstrap scope from /Applications/Firefox.app/Contents/Resources/browser/features/aushelper@mozilla.org.xpi
1492984047512	addons.xpi	DEBUG	Calling bootstrap method install on aushelper@mozilla.org version 2.0
1492984047512	addons.xpi-utils	DEBUG	Make addon app-system-defaults:aushelper@mozilla.org visible
1492984047513	DeferredSave.extensions.json	DEBUG	Save changes
1492984047514	addons.manager	DEBUG	Registering startup change &#039;installed&#039; for e10srollout@mozilla.org
1492984047515	addons.xpi	DEBUG	Loading bootstrap scope from /Applications/Firefox.app/Contents/Resources/browser/features/e10srollout@mozilla.org.xpi
1492984047518	addons.xpi	DEBUG	Calling bootstrap method install on e10srollout@mozilla.org version 1.14
1492984047521	addons.xpi-utils	DEBUG	Make addon app-system-defaults:e10srollout@mozilla.org visible
1492984047522	DeferredSave.extensions.json	DEBUG	Save changes
1492984047522	addons.manager	DEBUG	Registering startup change &#039;installed&#039; for firefox@getpocket.com
1492984047524	addons.xpi	DEBUG	Loading bootstrap scope from /Applications/Firefox.app/Contents/Resources/browser/features/firefox@getpocket.com.xpi
1492984047530	addons.xpi	DEBUG	Calling bootstrap method install on firefox@getpocket.com version 1.0.5
1492984047531	addons.xpi-utils	DEBUG	Make addon app-system-defaults:firefox@getpocket.com visible
1492984047531	DeferredSave.extensions.json	DEBUG	Save changes
1492984047532	addons.manager	DEBUG	Registering startup change &#039;installed&#039; for webcompat@mozilla.org
1492984047532	addons.xpi	DEBUG	Loading bootstrap scope from /Applications/Firefox.app/Contents/Resources/browser/features/webcompat@mozilla.org.xpi
1492984047535	addons.xpi	DEBUG	Calling bootstrap method install on webcompat@mozilla.org version 1.0
1492984047535	addons.xpi-utils	DEBUG	Make addon app-system-defaults:webcompat@mozilla.org visible
1492984047537	DeferredSave.extensions.json	DEBUG	Save changes
1492984047537	addons.xpi-utils	DEBUG	Make addon app-global:{972ce4c6-7e08-4474-a285-3208198ce6fd} visible
1492984047538	DeferredSave.extensions.json	DEBUG	Save changes
1492984047540	addons.xpi	DEBUG	Updating XPIState for {&quot;id&quot;:&quot;fxdriver@googlecode.com&quot;,&quot;syncGUID&quot;:&quot;{afa5d831-d0ad-db4d-9cb2-3ae35388511f}&quot;,&quot;location&quot;:&quot;app-profile&quot;,&quot;version&quot;:&quot;3.3.0&quot;,&quot;type&quot;:&quot;extension&quot;,&quot;internalName&quot;:null,&quot;updateURL&quot;:null,&quot;updateKey&quot;:null,&quot;optionsURL&quot;:null,&quot;optionsType&quot;:null,&quot;aboutURL&quot;:null,&quot;icons&quot;:{},&quot;iconURL&quot;:null,&quot;icon64URL&quot;:null,&quot;defaultLocale&quot;:{&quot;name&quot;:&quot;Firefox WebDriver&quot;,&quot;description&quot;:&quot;WebDriver implementation for Firefox&quot;,&quot;creator&quot;:&quot;Simon Stewart&quot;,&quot;homepageURL&quot;:null},&quot;visible&quot;:true,&quot;active&quot;:false,&quot;userDisabled&quot;:false,&quot;appDisabled&quot;:true,&quot;descriptor&quot;:&quot;/var/folders/4q/gls7zvhn3yb8dmf11j05php80000gn/T/anonymous1844023902494630559webdriver-profile/extensions/fxdriver@googlecode.com&quot;,&quot;installDate&quot;:1492984044000,&quot;updateDate&quot;:1492984044000,&quot;applyBackgroundUpdates&quot;:1,&quot;bootstrap&quot;:false,&quot;skinnable&quot;:false,&quot;size&quot;:3267161,&quot;sourceURI&quot;:null,&quot;releaseNotesURI&quot;:null,&quot;softDisabled&quot;:false,&quot;foreignInstall&quot;:true,&quot;hasBinaryComponents&quot;:false,&quot;strictCompatibility&quot;:false,&quot;locales&quot;:[],&quot;targetApplications&quot;:[{&quot;id&quot;:&quot;{ec8030f7-c20a-464f-9b0e-13a3a9e97384}&quot;,&quot;minVersion&quot;:&quot;3.0&quot;,&quot;maxVersion&quot;:&quot;48.0&quot;}],&quot;targetPlatforms&quot;:[{&quot;os&quot;:&quot;Darwin&quot;,&quot;abi&quot;:null},{&quot;os&quot;:&quot;SunOS&quot;,&quot;abi&quot;:null},{&quot;os&quot;:&quot;FreeBSD&quot;,&quot;abi&quot;:null},{&quot;os&quot;:&quot;OpenBSD&quot;,&quot;abi&quot;:null},{&quot;os&quot;:&quot;WINNT&quot;,&quot;abi&quot;:null},{&quot;os&quot;:&quot;Linux&quot;,&quot;abi&quot;:null}],&quot;multiprocessCompatible&quot;:false,&quot;signedState&quot;:0,&quot;seen&quot;:true,&quot;dependencies&quot;:[],&quot;hasEmbeddedWebExtension&quot;:false,&quot;mpcOptedOut&quot;:false,&quot;userPermissions&quot;:null}
1492984047540	addons.xpi	DEBUG	Updating XPIState for {&quot;id&quot;:&quot;aushelper@mozilla.org&quot;,&quot;syncGUID&quot;:&quot;{69a40c8d-0a05-554a-8f8a-aeed40721012}&quot;,&quot;location&quot;:&quot;app-system-defaults&quot;,&quot;version&quot;:&quot;2.0&quot;,&quot;type&quot;:&quot;extension&quot;,&quot;internalName&quot;:null,&quot;updateURL&quot;:null,&quot;updateKey&quot;:null,&quot;optionsURL&quot;:null,&quot;optionsType&quot;:null,&quot;aboutURL&quot;:null,&quot;icons&quot;:{},&quot;iconURL&quot;:null,&quot;icon64URL&quot;:null,&quot;defaultLocale&quot;:{&quot;name&quot;:&quot;Application Update Service Helper&quot;,&quot;description&quot;:&quot;Sets value(s) in the update url based on custom checks.&quot;,&quot;creator&quot;:null,&quot;homepageURL&quot;:null},&quot;visible&quot;:true,&quot;active&quot;:true,&quot;userDisabled&quot;:false,&quot;appDisabled&quot;:false,&quot;descriptor&quot;:&quot;/Applications/Firefox.app/Contents/Resources/browser/features/aushelper@mozilla.org.xpi&quot;,&quot;installDate&quot;:1492140540000,&quot;updateDate&quot;:1492140540000,&quot;applyBackgroundUpdates&quot;:1,&quot;bootstrap&quot;:true,&quot;skinnable&quot;:false,&quot;size&quot;:8486,&quot;sourceURI&quot;:null,&quot;releaseNotesURI&quot;:null,&quot;softDisabled&quot;:false,&quot;foreignInstall&quot;:false,&quot;hasBinaryComponents&quot;:false,&quot;strictCompatibility&quot;:false,&quot;locales&quot;:[],&quot;targetApplications&quot;:[{&quot;id&quot;:&quot;{ec8030f7-c20a-464f-9b0e-13a3a9e97384}&quot;,&quot;minVersion&quot;:&quot;53.0&quot;,&quot;maxVersion&quot;:&quot;53.*&quot;}],&quot;targetPlatforms&quot;:[],&quot;multiprocessCompatible&quot;:true,&quot;seen&quot;:true,&quot;dependencies&quot;:[],&quot;hasEmbeddedWebExtension&quot;:false,&quot;mpcOptedOut&quot;:false,&quot;userPermissions&quot;:null}
1492984047540	addons.xpi	DEBUG	getModTime: Recursive scan of aushelper@mozilla.org
1492984047541	addons.xpi	DEBUG	Updating XPIState for {&quot;id&quot;:&quot;e10srollout@mozilla.org&quot;,&quot;syncGUID&quot;:&quot;{ee60c226-2c01-7a45-b17a-0bcacaa2bde5}&quot;,&quot;location&quot;:&quot;app-system-defaults&quot;,&quot;version&quot;:&quot;1.14&quot;,&quot;type&quot;:&quot;extension&quot;,&quot;internalName&quot;:null,&quot;updateURL&quot;:null,&quot;updateKey&quot;:null,&quot;optionsURL&quot;:null,&quot;optionsType&quot;:null,&quot;aboutURL&quot;:null,&quot;icons&quot;:{},&quot;iconURL&quot;:null,&quot;icon64URL&quot;:null,&quot;defaultLocale&quot;:{&quot;name&quot;:&quot;Multi-process staged rollout&quot;,&quot;description&quot;:&quot;Staged rollout of Firefox multi-process feature.&quot;,&quot;creator&quot;:null,&quot;homepageURL&quot;:null},&quot;visible&quot;:true,&quot;active&quot;:true,&quot;userDisabled&quot;:false,&quot;appDisabled&quot;:false,&quot;descriptor&quot;:&quot;/Applications/Firefox.app/Contents/Resources/browser/features/e10srollout@mozilla.org.xpi&quot;,&quot;installDate&quot;:1492140540000,&quot;updateDate&quot;:1492140540000,&quot;applyBackgroundUpdates&quot;:1,&quot;bootstrap&quot;:true,&quot;skinnable&quot;:false,&quot;size&quot;:8476,&quot;sourceURI&quot;:null,&quot;releaseNotesURI&quot;:null,&quot;softDisabled&quot;:false,&quot;foreignInstall&quot;:false,&quot;hasBinaryComponents&quot;:false,&quot;strictCompatibility&quot;:false,&quot;locales&quot;:[],&quot;targetApplications&quot;:[{&quot;id&quot;:&quot;{ec8030f7-c20a-464f-9b0e-13a3a9e97384}&quot;,&quot;minVersion&quot;:&quot;53.0&quot;,&quot;maxVersion&quot;:&quot;53.*&quot;}],&quot;targetPlatforms&quot;:[],&quot;multiprocessCompatible&quot;:true,&quot;seen&quot;:true,&quot;dependencies&quot;:[],&quot;hasEmbeddedWebExtension&quot;:false,&quot;mpcOptedOut&quot;:false,&quot;userPermissions&quot;:null}
1492984047541	addons.xpi	DEBUG	getModTime: Recursive scan of e10srollout@mozilla.org
1492984047542	addons.xpi	DEBUG	Updating XPIState for {&quot;id&quot;:&quot;firefox@getpocket.com&quot;,&quot;syncGUID&quot;:&quot;{6c6d32ee-3339-c440-86f8-fcaf0038a9b6}&quot;,&quot;location&quot;:&quot;app-system-defaults&quot;,&quot;version&quot;:&quot;1.0.5&quot;,&quot;type&quot;:&quot;extension&quot;,&quot;internalName&quot;:null,&quot;updateURL&quot;:null,&quot;updateKey&quot;:null,&quot;optionsURL&quot;:null,&quot;optionsType&quot;:null,&quot;aboutURL&quot;:null,&quot;icons&quot;:{},&quot;iconURL&quot;:null,&quot;icon64URL&quot;:null,&quot;defaultLocale&quot;:{&quot;name&quot;:&quot;Pocket&quot;,&quot;description&quot;:&quot;When you find something you want to view later, put it in Pocket.&quot;,&quot;creator&quot;:null,&quot;homepageURL&quot;:null},&quot;visible&quot;:true,&quot;active&quot;:true,&quot;userDisabled&quot;:false,&quot;appDisabled&quot;:false,&quot;descriptor&quot;:&quot;/Applications/Firefox.app/Contents/Resources/browser/features/firefox@getpocket.com.xpi&quot;,&quot;installDate&quot;:1492140541000,&quot;updateDate&quot;:1492140541000,&quot;applyBackgroundUpdates&quot;:1,&quot;bootstrap&quot;:true,&quot;skinnable&quot;:false,&quot;size&quot;:913563,&quot;sourceURI&quot;:null,&quot;releaseNotesURI&quot;:null,&quot;softDisabled&quot;:false,&quot;foreignInstall&quot;:false,&quot;hasBinaryComponents&quot;:false,&quot;strictCompatibility&quot;:false,&quot;locales&quot;:[],&quot;targetApplications&quot;:[{&quot;id&quot;:&quot;{ec8030f7-c20a-464f-9b0e-13a3a9e97384}&quot;,&quot;minVersion&quot;:&quot;53.0&quot;,&quot;maxVersion&quot;:&quot;53.*&quot;}],&quot;targetPlatforms&quot;:[],&quot;multiprocessCompatible&quot;:true,&quot;seen&quot;:true,&quot;dependencies&quot;:[],&quot;hasEmbeddedWebExtension&quot;:false,&quot;mpcOptedOut&quot;:false,&quot;userPermissions&quot;:null}
1492984047542	addons.xpi	DEBUG	getModTime: Recursive scan of firefox@getpocket.com
1492984047542	addons.xpi	DEBUG	Updating XPIState for {&quot;id&quot;:&quot;webcompat@mozilla.org&quot;,&quot;syncGUID&quot;:&quot;{c3badd51-23c7-1646-8f2b-41414a346411}&quot;,&quot;location&quot;:&quot;app-system-defaults&quot;,&quot;version&quot;:&quot;1.0&quot;,&quot;type&quot;:&quot;extension&quot;,&quot;internalName&quot;:null,&quot;updateURL&quot;:null,&quot;updateKey&quot;:null,&quot;optionsURL&quot;:null,&quot;optionsType&quot;:null,&quot;aboutURL&quot;:null,&quot;icons&quot;:{},&quot;iconURL&quot;:null,&quot;icon64URL&quot;:null,&quot;defaultLocale&quot;:{&quot;name&quot;:&quot;Web Compat&quot;,&quot;description&quot;:&quot;Urgent post-release fixes for web compatibility.&quot;,&quot;creator&quot;:null,&quot;homepageURL&quot;:null},&quot;visible&quot;:true,&quot;active&quot;:true,&quot;userDisabled&quot;:false,&quot;appDisabled&quot;:false,&quot;descriptor&quot;:&quot;/Applications/Firefox.app/Contents/Resources/browser/features/webcompat@mozilla.org.xpi&quot;,&quot;installDate&quot;:1492140541000,&quot;updateDate&quot;:1492140541000,&quot;applyBackgroundUpdates&quot;:1,&quot;bootstrap&quot;:true,&quot;skinnable&quot;:false,&quot;size&quot;:1454,&quot;sourceURI&quot;:null,&quot;releaseNotesURI&quot;:null,&quot;softDisabled&quot;:false,&quot;foreignInstall&quot;:false,&quot;hasBinaryComponents&quot;:false,&quot;strictCompatibility&quot;:false,&quot;locales&quot;:[],&quot;targetApplications&quot;:[{&quot;id&quot;:&quot;{ec8030f7-c20a-464f-9b0e-13a3a9e97384}&quot;,&quot;minVersion&quot;:&quot;53.0&quot;,&quot;maxVersion&quot;:&quot;53.*&quot;}],&quot;targetPlatforms&quot;:[],&quot;multiprocessCompatible&quot;:true,&quot;seen&quot;:true,&quot;dependencies&quot;:[],&quot;hasEmbeddedWebExtension&quot;:false,&quot;mpcOptedOut&quot;:false,&quot;userPermissions&quot;:null}
1492984047543	addons.xpi	DEBUG	getModTime: Recursive scan of webcompat@mozilla.org
1492984047544	addons.xpi	DEBUG	Updating XPIState for {&quot;id&quot;:&quot;{972ce4c6-7e08-4474-a285-3208198ce6fd}&quot;,&quot;syncGUID&quot;:&quot;{fe44f593-e6da-3147-84f3-352969bed0e7}&quot;,&quot;location&quot;:&quot;app-global&quot;,&quot;version&quot;:&quot;53.0&quot;,&quot;type&quot;:&quot;theme&quot;,&quot;internalName&quot;:&quot;classic/1.0&quot;,&quot;updateURL&quot;:null,&quot;updateKey&quot;:null,&quot;optionsURL&quot;:null,&quot;optionsType&quot;:null,&quot;aboutURL&quot;:null,&quot;icons&quot;:{},&quot;iconURL&quot;:&quot;chrome://browser/content/default-theme-icon.svg&quot;,&quot;icon64URL&quot;:null,&quot;defaultLocale&quot;:{&quot;name&quot;:&quot;Default&quot;,&quot;description&quot;:&quot;The default theme.&quot;,&quot;creator&quot;:&quot;Mozilla&quot;,&quot;homepageURL&quot;:null,&quot;contributors&quot;:[&quot;Mozilla Contributors&quot;]},&quot;visible&quot;:true,&quot;active&quot;:true,&quot;userDisabled&quot;:false,&quot;appDisabled&quot;:false,&quot;descriptor&quot;:&quot;/Applications/Firefox.app/Contents/Resources/browser/extensions/{972ce4c6-7e08-4474-a285-3208198ce6fd}.xpi&quot;,&quot;installDate&quot;:1492140540000,&quot;updateDate&quot;:1492140540000,&quot;applyBackgroundUpdates&quot;:1,&quot;skinnable&quot;:true,&quot;size&quot;:4332,&quot;sourceURI&quot;:null,&quot;releaseNotesURI&quot;:null,&quot;softDisabled&quot;:false,&quot;foreignInstall&quot;:false,&quot;hasBinaryComponents&quot;:false,&quot;strictCompatibility&quot;:true,&quot;locales&quot;:[],&quot;targetApplications&quot;:[{&quot;id&quot;:&quot;{ec8030f7-c20a-464f-9b0e-13a3a9e97384}&quot;,&quot;minVersion&quot;:&quot;53.0&quot;,&quot;maxVersion&quot;:&quot;53.0&quot;}],&quot;targetPlatforms&quot;:[],&quot;seen&quot;:true,&quot;dependencies&quot;:[],&quot;hasEmbeddedWebExtension&quot;:false,&quot;userPermissions&quot;:null}
1492984047544	addons.xpi	DEBUG	getModTime: Recursive scan of {972ce4c6-7e08-4474-a285-3208198ce6fd}
1492984047545	DeferredSave.extensions.json	DEBUG	Save changes
1492984047545	addons.xpi	DEBUG	Updating database with changes to installed add-ons
1492984047545	addons.xpi-utils	DEBUG	Updating add-on states
1492984047546	addons.xpi-utils	DEBUG	Writing add-ons list
1492984047548	addons.xpi	DEBUG	Registering manifest for /Applications/Firefox.app/Contents/Resources/browser/features/aushelper@mozilla.org.xpi
1492984047549	addons.xpi	DEBUG	Calling bootstrap method startup on aushelper@mozilla.org version 2.0
1492984047550	addons.xpi	DEBUG	Registering manifest for /Applications/Firefox.app/Contents/Resources/browser/features/e10srollout@mozilla.org.xpi
1492984047550	addons.xpi	DEBUG	Calling bootstrap method startup on e10srollout@mozilla.org version 1.14
1492984047551	addons.xpi	DEBUG	Registering manifest for /Applications/Firefox.app/Contents/Resources/browser/features/firefox@getpocket.com.xpi
1492984047552	addons.xpi	DEBUG	Calling bootstrap method startup on firefox@getpocket.com version 1.0.5
1492984047554	addons.xpi	DEBUG	Registering manifest for /Applications/Firefox.app/Contents/Resources/browser/features/webcompat@mozilla.org.xpi
1492984047554	addons.xpi	DEBUG	Calling bootstrap method startup on webcompat@mozilla.org version 1.0
1492984047560	addons.manager	DEBUG	Registering shutdown blocker for XPIProvider
1492984047561	addons.manager	DEBUG	Provider finished startup: XPIProvider
1492984047562	addons.manager	DEBUG	Starting provider: LightweightThemeManager
1492984047562	addons.manager	DEBUG	Registering shutdown blocker for LightweightThemeManager
1492984047563	addons.manager	DEBUG	Provider finished startup: LightweightThemeManager
1492984047564	addons.manager	DEBUG	Starting provider: GMPProvider
1492984047573	addons.manager	DEBUG	Registering shutdown blocker for GMPProvider
1492984047573	addons.manager	DEBUG	Provider finished startup: GMPProvider
1492984047573	addons.manager	DEBUG	Starting provider: PluginProvider
1492984047574	addons.manager	DEBUG	Registering shutdown blocker for PluginProvider
1492984047574	addons.manager	DEBUG	Provider finished startup: PluginProvider
1492984047575	addons.manager	DEBUG	Completed startup sequence
1492984048291	addons.manager	DEBUG	Starting provider: &lt;unnamed-provider&gt;
1492984048291	addons.manager	DEBUG	Registering shutdown blocker for &lt;unnamed-provider&gt;
1492984048292	addons.manager	DEBUG	Provider finished startup: &lt;unnamed-provider&gt;
1492984048481	DeferredSave.extensions.json	DEBUG	Write succeeded
1492984048481	addons.xpi-utils	DEBUG	XPI Database saved, setting schema version preference to 19
1492984048482	DeferredSave.extensions.json	DEBUG	Starting timer
1492984048494	addons.repository	DEBUG	No addons.json found.
1492984048495	DeferredSave.addons.json	DEBUG	Save changes
1492984048498	DeferredSave.addons.json	DEBUG	Starting timer
1492984048914	addons.manager	DEBUG	Starting provider: PreviousExperimentProvider
1492984048914	addons.manager	DEBUG	Registering shutdown blocker for PreviousExperimentProvider
1492984048915	addons.manager	DEBUG	Provider finished startup: PreviousExperimentProvider
1492984048932	DeferredSave.extensions.json	DEBUG	Starting write
1492984048933	DeferredSave.addons.json	DEBUG	Starting write
1492984048961	DeferredSave.extensions.json	DEBUG	Write succeeded
1492984048965	DeferredSave.addons.json	DEBUG	Write succeeded
2017-04-24 03:17:30.683 plugin-container[9963:756344] *** CFMessagePort: bootstrap_register(): failed 1100 (0x44c) &#039;Permission denied&#039;, port = 0x873f, name = &#039;com.apple.tsm.portname&#039;
See /usr/include/servers/bootstrap_defs.h for the error codes.
2017-04-24 03:17:30.684 plugin-container[9963:756344] *** CFMessagePort: bootstrap_register(): failed 1100 (0x44c) &#039;Permission denied&#039;, port = 0x461b, name = &#039;com.apple.CFPasteboardClient&#039;
See /usr/include/servers/bootstrap_defs.h for the error codes.
2017-04-24 03:17:30.684 plugin-container[9963:756344] void __CFPasteboardSetup() : Failed to allocate communication port for com.apple.CFPasteboardClient; this is likely due to sandbox restrictions

Build info: version: &#039;3.3.1&#039;, revision: &#039;5234b325d5&#039;, time: &#039;2017-03-10 09:10:29 +0000&#039;
System info: host: &#039;Swapnils-MacBook-Pro.local&#039;, ip: &#039;192.168.1.101&#039;, os.name: &#039;Mac OS X&#039;, os.arch: &#039;x86_64&#039;, os.version: &#039;10.11.6&#039;, java.version: &#039;1.8.0_121&#039;
Driver info: driver.version: FirefoxDriver">
      <![CDATA[org.openqa.selenium.WebDriverException: Failed to connect to binary FirefoxBinary(/Applications/Firefox.app/Contents/MacOS/firefox-bin) on port 7055; process output follows: 
1492984047277	addons.manager	DEBUG	Application has been upgraded
1492984047372	addons.manager	DEBUG	Loaded provider scope for resource://gre/modules/addons/XPIProvider.jsm: ["XPIProvider"]
1492984047375	addons.manager	DEBUG	Loaded provider scope for resource://gre/modules/LightweightThemeManager.jsm: ["LightweightThemeManager"]
1492984047381	addons.manager	DEBUG	Loaded provider scope for resource://gre/modules/addons/GMPProvider.jsm
1492984047383	addons.manager	DEBUG	Loaded provider scope for resource://gre/modules/addons/PluginProvider.jsm
1492984047384	addons.manager	DEBUG	Starting provider: XPIProvider
1492984047384	addons.xpi	DEBUG	startup
1492984047385	addons.xpi	INFO	Mapping fxdriver@googlecode.com to /var/folders/4q/gls7zvhn3yb8dmf11j05php80000gn/T/anonymous1844023902494630559webdriver-profile/extensions/fxdriver@googlecode.com
1492984047385	addons.xpi	DEBUG	Ignoring file entry whose name is not a valid add-on ID: /var/folders/4q/gls7zvhn3yb8dmf11j05php80000gn/T/anonymous1844023902494630559webdriver-profile/extensions/webdriver-staging
1492984047386	addons.xpi	INFO	Removing all system add-on upgrades.
1492984047386	addons.xpi	INFO	SystemAddonInstallLocation directory is missing
1492984047387	addons.xpi	INFO	Mapping aushelper@mozilla.org to /Applications/Firefox.app/Contents/Resources/browser/features/aushelper@mozilla.org.xpi
1492984047388	addons.xpi	INFO	Mapping e10srollout@mozilla.org to /Applications/Firefox.app/Contents/Resources/browser/features/e10srollout@mozilla.org.xpi
1492984047388	addons.xpi	INFO	Mapping firefox@getpocket.com to /Applications/Firefox.app/Contents/Resources/browser/features/firefox@getpocket.com.xpi
1492984047389	addons.xpi	INFO	Mapping webcompat@mozilla.org to /Applications/Firefox.app/Contents/Resources/browser/features/webcompat@mozilla.org.xpi
1492984047391	addons.xpi	INFO	Mapping {972ce4c6-7e08-4474-a285-3208198ce6fd} to /Applications/Firefox.app/Contents/Resources/browser/extensions/{972ce4c6-7e08-4474-a285-3208198ce6fd}.xpi
1492984047392	addons.xpi	DEBUG	Skipping unavailable install location app-system-share
1492984047393	addons.xpi	DEBUG	checkForChanges
1492984047394	addons.xpi	INFO	SystemAddonInstallLocation directory is missing
1492984047395	addons.xpi	DEBUG	Loaded add-on state from prefs: {}
1492984047397	addons.xpi	DEBUG	New add-on fxdriver@googlecode.com in app-profile
1492984047398	addons.xpi	DEBUG	getModTime: Recursive scan of fxdriver@googlecode.com
1492984047400	addons.xpi	DEBUG	New add-on aushelper@mozilla.org in app-system-defaults
1492984047401	addons.xpi	DEBUG	getModTime: Recursive scan of aushelper@mozilla.org
1492984047402	addons.xpi	DEBUG	New add-on e10srollout@mozilla.org in app-system-defaults
1492984047402	addons.xpi	DEBUG	getModTime: Recursive scan of e10srollout@mozilla.org
1492984047403	addons.xpi	DEBUG	New add-on firefox@getpocket.com in app-system-defaults
1492984047403	addons.xpi	DEBUG	getModTime: Recursive scan of firefox@getpocket.com
1492984047403	addons.xpi	DEBUG	New add-on webcompat@mozilla.org in app-system-defaults
1492984047404	addons.xpi	DEBUG	getModTime: Recursive scan of webcompat@mozilla.org
1492984047405	addons.xpi	DEBUG	New add-on {972ce4c6-7e08-4474-a285-3208198ce6fd} in app-global
1492984047405	addons.xpi	DEBUG	getModTime: Recursive scan of {972ce4c6-7e08-4474-a285-3208198ce6fd}
1492984047406	addons.xpi	DEBUG	getInstallState changed: true, state: {"app-profile":{"fxdriver@googlecode.com":{"d":"/var/folders/4q/gls7zvhn3yb8dmf11j05php80000gn/T/anonymous1844023902494630559webdriver-profile/extensions/fxdriver@googlecode.com","st":1492984044000,"mt":1492984044000}},"app-system-defaults":{"aushelper@mozilla.org":{"d":"/Applications/Firefox.app/Contents/Resources/browser/features/aushelper@mozilla.org.xpi","st":1492140540000},"e10srollout@mozilla.org":{"d":"/Applications/Firefox.app/Contents/Resources/browser/features/e10srollout@mozilla.org.xpi","st":1492140540000},"firefox@getpocket.com":{"d":"/Applications/Firefox.app/Contents/Resources/browser/features/firefox@getpocket.com.xpi","st":1492140541000},"webcompat@mozilla.org":{"d":"/Applications/Firefox.app/Contents/Resources/browser/features/webcompat@mozilla.org.xpi","st":1492140541000}},"app-global":{"{972ce4c6-7e08-4474-a285-3208198ce6fd}":{"d":"/Applications/Firefox.app/Contents/Resources/browser/extensions/{972ce4c6-7e08-4474-a285-3208198ce6fd}.xpi","st":1492140540000}}}
1492984047415	addons.xpi-utils	DEBUG	Opening XPI database /var/folders/4q/gls7zvhn3yb8dmf11j05php80000gn/T/anonymous1844023902494630559webdriver-profile/extensions.json
1492984047416	addons.xpi-utils	DEBUG	New add-on fxdriver@googlecode.com installed in app-profile
*** Blocklist::_loadBlocklistFromFile: blocklist is disabled
1492984047433	addons.xpi	WARN	Add-on fxdriver@googlecode.com is not correctly signed.
1492984047434	addons.xpi	WARN	Add-on fxdriver@googlecode.com is not correctly signed.
1492984047436	DeferredSave.extensions.json	DEBUG	Save changes
1492984047437	addons.xpi-utils	DEBUG	New add-on aushelper@mozilla.org installed in app-system-defaults
1492984047442	DeferredSave.extensions.json	DEBUG	Starting timer
1492984047445	DeferredSave.extensions.json	DEBUG	Save changes
1492984047445	addons.xpi-utils	DEBUG	New add-on e10srollout@mozilla.org installed in app-system-defaults
1492984047452	DeferredSave.extensions.json	DEBUG	Save changes
1492984047453	addons.xpi-utils	DEBUG	New add-on firefox@getpocket.com installed in app-system-defaults
1492984047461	DeferredSave.extensions.json	DEBUG	Save changes
1492984047461	addons.xpi-utils	DEBUG	New add-on webcompat@mozilla.org installed in app-system-defaults
1492984047466	DeferredSave.extensions.json	DEBUG	Save changes
1492984047467	addons.xpi-utils	DEBUG	New add-on {972ce4c6-7e08-4474-a285-3208198ce6fd} installed in app-global
1492984047473	DeferredSave.extensions.json	DEBUG	Starting write
1492984047480	DeferredSave.extensions.json	DEBUG	Save changes
1492984047481	DeferredSave.extensions.json	DEBUG	Data changed while write in progress
1492984047482	addons.manager	DEBUG	Registering startup change 'installed' for fxdriver@googlecode.com
1492984047482	addons.xpi-utils	DEBUG	Make addon app-profile:fxdriver@googlecode.com visible
1492984047483	DeferredSave.extensions.json	DEBUG	Save changes
1492984047483	addons.manager	DEBUG	Registering startup change 'installed' for aushelper@mozilla.org
1492984047495	addons.xpi	DEBUG	Loading bootstrap scope from /Applications/Firefox.app/Contents/Resources/browser/features/aushelper@mozilla.org.xpi
1492984047512	addons.xpi	DEBUG	Calling bootstrap method install on aushelper@mozilla.org version 2.0
1492984047512	addons.xpi-utils	DEBUG	Make addon app-system-defaults:aushelper@mozilla.org visible
1492984047513	DeferredSave.extensions.json	DEBUG	Save changes
1492984047514	addons.manager	DEBUG	Registering startup change 'installed' for e10srollout@mozilla.org
1492984047515	addons.xpi	DEBUG	Loading bootstrap scope from /Applications/Firefox.app/Contents/Resources/browser/features/e10srollout@mozilla.org.xpi
1492984047518	addons.xpi	DEBUG	Calling bootstrap method install on e10srollout@mozilla.org version 1.14
1492984047521	addons.xpi-utils	DEBUG	Make addon app-system-defaults:e10srollout@mozilla.org visible
1492984047522	DeferredSave.extensions.json	DEBUG	Save changes
1492984047522	addons.manager	DEBUG	Registering startup change 'installed' for firefox@getpocket.com
1492984047524	addons.xpi	DEBUG	Loading bootstrap scope from /Applications/Firefox.app/Contents/Resources/browser/features/firefox@getpocket.com.xpi
1492984047530	addons.xpi	DEBUG	Calling bootstrap method install on firefox@getpocket.com version 1.0.5
1492984047531	addons.xpi-utils	DEBUG	Make addon app-system-defaults:firefox@getpocket.com visible
1492984047531	DeferredSave.extensions.json	DEBUG	Save changes
1492984047532	addons.manager	DEBUG	Registering startup change 'installed' for webcompat@mozilla.org
1492984047532	addons.xpi	DEBUG	Loading bootstrap scope from /Applications/Firefox.app/Contents/Resources/browser/features/webcompat@mozilla.org.xpi
1492984047535	addons.xpi	DEBUG	Calling bootstrap method install on webcompat@mozilla.org version 1.0
1492984047535	addons.xpi-utils	DEBUG	Make addon app-system-defaults:webcompat@mozilla.org visible
1492984047537	DeferredSave.extensions.json	DEBUG	Save changes
1492984047537	addons.xpi-utils	DEBUG	Make addon app-global:{972ce4c6-7e08-4474-a285-3208198ce6fd} visible
1492984047538	DeferredSave.extensions.json	DEBUG	Save changes
1492984047540	addons.xpi	DEBUG	Updating XPIState for {"id":"fxdriver@googlecode.com","syncGUID":"{afa5d831-d0ad-db4d-9cb2-3ae35388511f}","location":"app-profile","version":"3.3.0","type":"extension","internalName":null,"updateURL":null,"updateKey":null,"optionsURL":null,"optionsType":null,"aboutURL":null,"icons":{},"iconURL":null,"icon64URL":null,"defaultLocale":{"name":"Firefox WebDriver","description":"WebDriver implementation for Firefox","creator":"Simon Stewart","homepageURL":null},"visible":true,"active":false,"userDisabled":false,"appDisabled":true,"descriptor":"/var/folders/4q/gls7zvhn3yb8dmf11j05php80000gn/T/anonymous1844023902494630559webdriver-profile/extensions/fxdriver@googlecode.com","installDate":1492984044000,"updateDate":1492984044000,"applyBackgroundUpdates":1,"bootstrap":false,"skinnable":false,"size":3267161,"sourceURI":null,"releaseNotesURI":null,"softDisabled":false,"foreignInstall":true,"hasBinaryComponents":false,"strictCompatibility":false,"locales":[],"targetApplications":[{"id":"{ec8030f7-c20a-464f-9b0e-13a3a9e97384}","minVersion":"3.0","maxVersion":"48.0"}],"targetPlatforms":[{"os":"Darwin","abi":null},{"os":"SunOS","abi":null},{"os":"FreeBSD","abi":null},{"os":"OpenBSD","abi":null},{"os":"WINNT","abi":null},{"os":"Linux","abi":null}],"multiprocessCompatible":false,"signedState":0,"seen":true,"dependencies":[],"hasEmbeddedWebExtension":false,"mpcOptedOut":false,"userPermissions":null}
1492984047540	addons.xpi	DEBUG	Updating XPIState for {"id":"aushelper@mozilla.org","syncGUID":"{69a40c8d-0a05-554a-8f8a-aeed40721012}","location":"app-system-defaults","version":"2.0","type":"extension","internalName":null,"updateURL":null,"updateKey":null,"optionsURL":null,"optionsType":null,"aboutURL":null,"icons":{},"iconURL":null,"icon64URL":null,"defaultLocale":{"name":"Application Update Service Helper","description":"Sets value(s) in the update url based on custom checks.","creator":null,"homepageURL":null},"visible":true,"active":true,"userDisabled":false,"appDisabled":false,"descriptor":"/Applications/Firefox.app/Contents/Resources/browser/features/aushelper@mozilla.org.xpi","installDate":1492140540000,"updateDate":1492140540000,"applyBackgroundUpdates":1,"bootstrap":true,"skinnable":false,"size":8486,"sourceURI":null,"releaseNotesURI":null,"softDisabled":false,"foreignInstall":false,"hasBinaryComponents":false,"strictCompatibility":false,"locales":[],"targetApplications":[{"id":"{ec8030f7-c20a-464f-9b0e-13a3a9e97384}","minVersion":"53.0","maxVersion":"53.*"}],"targetPlatforms":[],"multiprocessCompatible":true,"seen":true,"dependencies":[],"hasEmbeddedWebExtension":false,"mpcOptedOut":false,"userPermissions":null}
1492984047540	addons.xpi	DEBUG	getModTime: Recursive scan of aushelper@mozilla.org
1492984047541	addons.xpi	DEBUG	Updating XPIState for {"id":"e10srollout@mozilla.org","syncGUID":"{ee60c226-2c01-7a45-b17a-0bcacaa2bde5}","location":"app-system-defaults","version":"1.14","type":"extension","internalName":null,"updateURL":null,"updateKey":null,"optionsURL":null,"optionsType":null,"aboutURL":null,"icons":{},"iconURL":null,"icon64URL":null,"defaultLocale":{"name":"Multi-process staged rollout","description":"Staged rollout of Firefox multi-process feature.","creator":null,"homepageURL":null},"visible":true,"active":true,"userDisabled":false,"appDisabled":false,"descriptor":"/Applications/Firefox.app/Contents/Resources/browser/features/e10srollout@mozilla.org.xpi","installDate":1492140540000,"updateDate":1492140540000,"applyBackgroundUpdates":1,"bootstrap":true,"skinnable":false,"size":8476,"sourceURI":null,"releaseNotesURI":null,"softDisabled":false,"foreignInstall":false,"hasBinaryComponents":false,"strictCompatibility":false,"locales":[],"targetApplications":[{"id":"{ec8030f7-c20a-464f-9b0e-13a3a9e97384}","minVersion":"53.0","maxVersion":"53.*"}],"targetPlatforms":[],"multiprocessCompatible":true,"seen":true,"dependencies":[],"hasEmbeddedWebExtension":false,"mpcOptedOut":false,"userPermissions":null}
1492984047541	addons.xpi	DEBUG	getModTime: Recursive scan of e10srollout@mozilla.org
1492984047542	addons.xpi	DEBUG	Updating XPIState for {"id":"firefox@getpocket.com","syncGUID":"{6c6d32ee-3339-c440-86f8-fcaf0038a9b6}","location":"app-system-defaults","version":"1.0.5","type":"extension","internalName":null,"updateURL":null,"updateKey":null,"optionsURL":null,"optionsType":null,"aboutURL":null,"icons":{},"iconURL":null,"icon64URL":null,"defaultLocale":{"name":"Pocket","description":"When you find something you want to view later, put it in Pocket.","creator":null,"homepageURL":null},"visible":true,"active":true,"userDisabled":false,"appDisabled":false,"descriptor":"/Applications/Firefox.app/Contents/Resources/browser/features/firefox@getpocket.com.xpi","installDate":1492140541000,"updateDate":1492140541000,"applyBackgroundUpdates":1,"bootstrap":true,"skinnable":false,"size":913563,"sourceURI":null,"releaseNotesURI":null,"softDisabled":false,"foreignInstall":false,"hasBinaryComponents":false,"strictCompatibility":false,"locales":[],"targetApplications":[{"id":"{ec8030f7-c20a-464f-9b0e-13a3a9e97384}","minVersion":"53.0","maxVersion":"53.*"}],"targetPlatforms":[],"multiprocessCompatible":true,"seen":true,"dependencies":[],"hasEmbeddedWebExtension":false,"mpcOptedOut":false,"userPermissions":null}
1492984047542	addons.xpi	DEBUG	getModTime: Recursive scan of firefox@getpocket.com
1492984047542	addons.xpi	DEBUG	Updating XPIState for {"id":"webcompat@mozilla.org","syncGUID":"{c3badd51-23c7-1646-8f2b-41414a346411}","location":"app-system-defaults","version":"1.0","type":"extension","internalName":null,"updateURL":null,"updateKey":null,"optionsURL":null,"optionsType":null,"aboutURL":null,"icons":{},"iconURL":null,"icon64URL":null,"defaultLocale":{"name":"Web Compat","description":"Urgent post-release fixes for web compatibility.","creator":null,"homepageURL":null},"visible":true,"active":true,"userDisabled":false,"appDisabled":false,"descriptor":"/Applications/Firefox.app/Contents/Resources/browser/features/webcompat@mozilla.org.xpi","installDate":1492140541000,"updateDate":1492140541000,"applyBackgroundUpdates":1,"bootstrap":true,"skinnable":false,"size":1454,"sourceURI":null,"releaseNotesURI":null,"softDisabled":false,"foreignInstall":false,"hasBinaryComponents":false,"strictCompatibility":false,"locales":[],"targetApplications":[{"id":"{ec8030f7-c20a-464f-9b0e-13a3a9e97384}","minVersion":"53.0","maxVersion":"53.*"}],"targetPlatforms":[],"multiprocessCompatible":true,"seen":true,"dependencies":[],"hasEmbeddedWebExtension":false,"mpcOptedOut":false,"userPermissions":null}
1492984047543	addons.xpi	DEBUG	getModTime: Recursive scan of webcompat@mozilla.org
1492984047544	addons.xpi	DEBUG	Updating XPIState for {"id":"{972ce4c6-7e08-4474-a285-3208198ce6fd}","syncGUID":"{fe44f593-e6da-3147-84f3-352969bed0e7}","location":"app-global","version":"53.0","type":"theme","internalName":"classic/1.0","updateURL":null,"updateKey":null,"optionsURL":null,"optionsType":null,"aboutURL":null,"icons":{},"iconURL":"chrome://browser/content/default-theme-icon.svg","icon64URL":null,"defaultLocale":{"name":"Default","description":"The default theme.","creator":"Mozilla","homepageURL":null,"contributors":["Mozilla Contributors"]},"visible":true,"active":true,"userDisabled":false,"appDisabled":false,"descriptor":"/Applications/Firefox.app/Contents/Resources/browser/extensions/{972ce4c6-7e08-4474-a285-3208198ce6fd}.xpi","installDate":1492140540000,"updateDate":1492140540000,"applyBackgroundUpdates":1,"skinnable":true,"size":4332,"sourceURI":null,"releaseNotesURI":null,"softDisabled":false,"foreignInstall":false,"hasBinaryComponents":false,"strictCompatibility":true,"locales":[],"targetApplications":[{"id":"{ec8030f7-c20a-464f-9b0e-13a3a9e97384}","minVersion":"53.0","maxVersion":"53.0"}],"targetPlatforms":[],"seen":true,"dependencies":[],"hasEmbeddedWebExtension":false,"userPermissions":null}
1492984047544	addons.xpi	DEBUG	getModTime: Recursive scan of {972ce4c6-7e08-4474-a285-3208198ce6fd}
1492984047545	DeferredSave.extensions.json	DEBUG	Save changes
1492984047545	addons.xpi	DEBUG	Updating database with changes to installed add-ons
1492984047545	addons.xpi-utils	DEBUG	Updating add-on states
1492984047546	addons.xpi-utils	DEBUG	Writing add-ons list
1492984047548	addons.xpi	DEBUG	Registering manifest for /Applications/Firefox.app/Contents/Resources/browser/features/aushelper@mozilla.org.xpi
1492984047549	addons.xpi	DEBUG	Calling bootstrap method startup on aushelper@mozilla.org version 2.0
1492984047550	addons.xpi	DEBUG	Registering manifest for /Applications/Firefox.app/Contents/Resources/browser/features/e10srollout@mozilla.org.xpi
1492984047550	addons.xpi	DEBUG	Calling bootstrap method startup on e10srollout@mozilla.org version 1.14
1492984047551	addons.xpi	DEBUG	Registering manifest for /Applications/Firefox.app/Contents/Resources/browser/features/firefox@getpocket.com.xpi
1492984047552	addons.xpi	DEBUG	Calling bootstrap method startup on firefox@getpocket.com version 1.0.5
1492984047554	addons.xpi	DEBUG	Registering manifest for /Applications/Firefox.app/Contents/Resources/browser/features/webcompat@mozilla.org.xpi
1492984047554	addons.xpi	DEBUG	Calling bootstrap method startup on webcompat@mozilla.org version 1.0
1492984047560	addons.manager	DEBUG	Registering shutdown blocker for XPIProvider
1492984047561	addons.manager	DEBUG	Provider finished startup: XPIProvider
1492984047562	addons.manager	DEBUG	Starting provider: LightweightThemeManager
1492984047562	addons.manager	DEBUG	Registering shutdown blocker for LightweightThemeManager
1492984047563	addons.manager	DEBUG	Provider finished startup: LightweightThemeManager
1492984047564	addons.manager	DEBUG	Starting provider: GMPProvider
1492984047573	addons.manager	DEBUG	Registering shutdown blocker for GMPProvider
1492984047573	addons.manager	DEBUG	Provider finished startup: GMPProvider
1492984047573	addons.manager	DEBUG	Starting provider: PluginProvider
1492984047574	addons.manager	DEBUG	Registering shutdown blocker for PluginProvider
1492984047574	addons.manager	DEBUG	Provider finished startup: PluginProvider
1492984047575	addons.manager	DEBUG	Completed startup sequence
1492984048291	addons.manager	DEBUG	Starting provider: <unnamed-provider>
1492984048291	addons.manager	DEBUG	Registering shutdown blocker for <unnamed-provider>
1492984048292	addons.manager	DEBUG	Provider finished startup: <unnamed-provider>
1492984048481	DeferredSave.extensions.json	DEBUG	Write succeeded
1492984048481	addons.xpi-utils	DEBUG	XPI Database saved, setting schema version preference to 19
1492984048482	DeferredSave.extensions.json	DEBUG	Starting timer
1492984048494	addons.repository	DEBUG	No addons.json found.
1492984048495	DeferredSave.addons.json	DEBUG	Save changes
1492984048498	DeferredSave.addons.json	DEBUG	Starting timer
1492984048914	addons.manager	DEBUG	Starting provider: PreviousExperimentProvider
1492984048914	addons.manager	DEBUG	Registering shutdown blocker for PreviousExperimentProvider
1492984048915	addons.manager	DEBUG	Provider finished startup: PreviousExperimentProvider
1492984048932	DeferredSave.extensions.json	DEBUG	Starting write
1492984048933	DeferredSave.addons.json	DEBUG	Starting write
1492984048961	DeferredSave.extensions.json	DEBUG	Write succeeded
1492984048965	DeferredSave.addons.json	DEBUG	Write succeeded
2017-04-24 03:17:30.683 plugin-container[9963:756344] *** CFMessagePort: bootstrap_register(): failed 1100 (0x44c) 'Permission denied', port = 0x873f, name = 'com.apple.tsm.portname'
See /usr/include/servers/bootstrap_defs.h for the error codes.
2017-04-24 03:17:30.684 plugin-container[9963:756344] *** CFMessagePort: bootstrap_register(): failed 1100 (0x44c) 'Permission denied', port = 0x461b, name = 'com.apple.CFPasteboardClient'
See /usr/include/servers/bootstrap_defs.h for the error codes.
2017-04-24 03:17:30.684 plugin-container[9963:756344] void __CFPasteboardSetup() : Failed to allocate communication port for com.apple.CFPasteboardClient; this is likely due to sandbox restrictions

Build info: version: '3.3.1', revision: '5234b325d5', time: '2017-03-10 09:10:29 +0000'
System info: host: 'Swapnils-MacBook-Pro.local', ip: '192.168.1.101', os.name: 'Mac OS X', os.arch: 'x86_64', os.version: '10.11.6', java.version: '1.8.0_121'
Driver info: driver.version: FirefoxDriver
	at org.openqa.selenium.firefox.internal.NewProfileExtensionConnection.start(NewProfileExtensionConnection.java:124)
	at org.openqa.selenium.firefox.FirefoxDriver.startClient(FirefoxDriver.java:332)
	at org.openqa.selenium.remote.RemoteWebDriver.<init>(RemoteWebDriver.java:119)
	at org.openqa.selenium.firefox.FirefoxDriver.<init>(FirefoxDriver.java:218)
	at org.openqa.selenium.firefox.FirefoxDriver.<init>(FirefoxDriver.java:125)
	at org.openqa.selenium.firefox.FirefoxDriver.<init>(FirefoxDriver.java:121)
	at common.BaseTest.launchBrowser(BaseTest.java:18)
	at sun.reflect.NativeMethodAccessorImpl.invoke0(Native Method)
	at sun.reflect.NativeMethodAccessorImpl.invoke(NativeMethodAccessorImpl.java:62)
	at sun.reflect.DelegatingMethodAccessorImpl.invoke(DelegatingMethodAccessorImpl.java:43)
	at java.lang.reflect.Method.invoke(Method.java:498)
	at org.testng.internal.MethodInvocationHelper.invokeMethod(MethodInvocationHelper.java:108)
	at org.testng.internal.Invoker.invokeConfigurationMethod(Invoker.java:523)
	at org.testng.internal.Invoker.invokeConfigurations(Invoker.java:224)
	at org.testng.internal.Invoker.invokeConfigurations(Invoker.java:146)
	at org.testng.internal.TestMethodWorker.invokeBeforeClassMethods(TestMethodWorker.java:166)
	at org.testng.internal.TestMethodWorker.run(TestMethodWorker.java:105)
	at org.testng.TestRunner.privateRun(TestRunner.java:744)
	at org.testng.TestRunner.run(TestRunner.java:602)
	at org.testng.SuiteRunner.runTest(SuiteRunner.java:380)
	at org.testng.SuiteRunner.runSequentially(SuiteRunner.java:375)
	at org.testng.SuiteRunner.privateRun(SuiteRunner.java:340)
	at org.testng.SuiteRunner.run(SuiteRunner.java:289)
	at org.testng.SuiteRunnerWorker.runSuite(SuiteRunnerWorker.java:52)
	at org.testng.SuiteRunnerWorker.run(SuiteRunnerWorker.java:86)
	at org.testng.TestNG.runSuitesSequentially(TestNG.java:1301)
	at org.testng.TestNG.runSuitesLocally(TestNG.java:1226)
	at org.testng.TestNG.runSuites(TestNG.java:1144)
	at org.testng.TestNG.run(TestNG.java:1115)
	at org.testng.remote.AbstractRemoteTestNG.run(AbstractRemoteTestNG.java:132)
	at org.testng.remote.RemoteTestNG.initAndRun(RemoteTestNG.java:230)
	at org.testng.remote.RemoteTestNG.main(RemoteTestNG.java:76)
Caused by: org.openqa.selenium.firefox.NotConnectedException: Unable to connect to host 127.0.0.1 on port 7055 after 45000 ms. Firefox console output:
1492984047277	addons.manager	DEBUG	Application has been upgraded
1492984047372	addons.manager	DEBUG	Loaded provider scope for resource://gre/modules/addons/XPIProvider.jsm: ["XPIProvider"]
1492984047375	addons.manager	DEBUG	Loaded provider scope for resource://gre/modules/LightweightThemeManager.jsm: ["LightweightThemeManager"]
1492984047381	addons.manager	DEBUG	Loaded provider scope for resource://gre/modules/addons/GMPProvider.jsm
1492984047383	addons.manager	DEBUG	Loaded provider scope for resource://gre/modules/addons/PluginProvider.jsm
1492984047384	addons.manager	DEBUG	Starting provider: XPIProvider
1492984047384	addons.xpi	DEBUG	startup
1492984047385	addons.xpi	INFO	Mapping fxdriver@googlecode.com to /var/folders/4q/gls7zvhn3yb8dmf11j05php80000gn/T/anonymous1844023902494630559webdriver-profile/extensions/fxdriver@googlecode.com
1492984047385	addons.xpi	DEBUG	Ignoring file entry whose name is not a valid add-on ID: /var/folders/4q/gls7zvhn3yb8dmf11j05php80000gn/T/anonymous1844023902494630559webdriver-profile/extensions/webdriver-staging
1492984047386	addons.xpi	INFO	Removing all system add-on upgrades.
1492984047386	addons.xpi	INFO	SystemAddonInstallLocation directory is missing
1492984047387	addons.xpi	INFO	Mapping aushelper@mozilla.org to /Applications/Firefox.app/Contents/Resources/browser/features/aushelper@mozilla.org.xpi
1492984047388	addons.xpi	INFO	Mapping e10srollout@mozilla.org to /Applications/Firefox.app/Contents/Resources/browser/features/e10srollout@mozilla.org.xpi
1492984047388	addons.xpi	INFO	Mapping firefox@getpocket.com to /Applications/Firefox.app/Contents/Resources/browser/features/firefox@getpocket.com.xpi
1492984047389	addons.xpi	INFO	Mapping webcompat@mozilla.org to /Applications/Firefox.app/Contents/Resources/browser/features/webcompat@mozilla.org.xpi
1492984047391	addons.xpi	INFO	Mapping {972ce4c6-7e08-4474-a285-3208198ce6fd} to /Applications/Firefox.app/Contents/Resources/browser/extensions/{972ce4c6-7e08-4474-a285-3208198ce6fd}.xpi
1492984047392	addons.xpi	DEBUG	Skipping unavailable install location app-system-share
1492984047393	addons.xpi	DEBUG	checkForChanges
1492984047394	addons.xpi	INFO	SystemAddonInstallLocation directory is missing
1492984047395	addons.xpi	DEBUG	Loaded add-on state from prefs: {}
1492984047397	addons.xpi	DEBUG	New add-on fxdriver@googlecode.com in app-profile
1492984047398	addons.xpi	DEBUG	getModTime: Recursive scan of fxdriver@googlecode.com
1492984047400	addons.xpi	DEBUG	New add-on aushelper@mozilla.org in app-system-defaults
1492984047401	addons.xpi	DEBUG	getModTime: Recursive scan of aushelper@mozilla.org
1492984047402	addons.xpi	DEBUG	New add-on e10srollout@mozilla.org in app-system-defaults
1492984047402	addons.xpi	DEBUG	getModTime: Recursive scan of e10srollout@mozilla.org
1492984047403	addons.xpi	DEBUG	New add-on firefox@getpocket.com in app-system-defaults
1492984047403	addons.xpi	DEBUG	getModTime: Recursive scan of firefox@getpocket.com
1492984047403	addons.xpi	DEBUG	New add-on webcompat@mozilla.org in app-system-defaults
1492984047404	addons.xpi	DEBUG	getModTime: Recursive scan of webcompat@mozilla.org
1492984047405	addons.xpi	DEBUG	New add-on {972ce4c6-7e08-4474-a285-3208198ce6fd} in app-global
1492984047405	addons.xpi	DEBUG	getModTime: Recursive scan of {972ce4c6-7e08-4474-a285-3208198ce6fd}
1492984047406	addons.xpi	DEBUG	getInstallState changed: true, state: {"app-profile":{"fxdriver@googlecode.com":{"d":"/var/folders/4q/gls7zvhn3yb8dmf11j05php80000gn/T/anonymous1844023902494630559webdriver-profile/extensions/fxdriver@googlecode.com","st":1492984044000,"mt":1492984044000}},"app-system-defaults":{"aushelper@mozilla.org":{"d":"/Applications/Firefox.app/Contents/Resources/browser/features/aushelper@mozilla.org.xpi","st":1492140540000},"e10srollout@mozilla.org":{"d":"/Applications/Firefox.app/Contents/Resources/browser/features/e10srollout@mozilla.org.xpi","st":1492140540000},"firefox@getpocket.com":{"d":"/Applications/Firefox.app/Contents/Resources/browser/features/firefox@getpocket.com.xpi","st":1492140541000},"webcompat@mozilla.org":{"d":"/Applications/Firefox.app/Contents/Resources/browser/features/webcompat@mozilla.org.xpi","st":1492140541000}},"app-global":{"{972ce4c6-7e08-4474-a285-3208198ce6fd}":{"d":"/Applications/Firefox.app/Contents/Resources/browser/extensions/{972ce4c6-7e08-4474-a285-3208198ce6fd}.xpi","st":1492140540000}}}
1492984047415	addons.xpi-utils	DEBUG	Opening XPI database /var/folders/4q/gls7zvhn3yb8dmf11j05php80000gn/T/anonymous1844023902494630559webdriver-profile/extensions.json
1492984047416	addons.xpi-utils	DEBUG	New add-on fxdriver@googlecode.com installed in app-profile
*** Blocklist::_loadBlocklistFromFile: blocklist is disabled
1492984047433	addons.xpi	WARN	Add-on fxdriver@googlecode.com is not correctly signed.
1492984047434	addons.xpi	WARN	Add-on fxdriver@googlecode.com is not correctly signed.
1492984047436	DeferredSave.extensions.json	DEBUG	Save changes
1492984047437	addons.xpi-utils	DEBUG	New add-on aushelper@mozilla.org installed in app-system-defaults
1492984047442	DeferredSave.extensions.json	DEBUG	Starting timer
1492984047445	DeferredSave.extensions.json	DEBUG	Save changes
1492984047445	addons.xpi-utils	DEBUG	New add-on e10srollout@mozilla.org installed in app-system-defaults
1492984047452	DeferredSave.extensions.json	DEBUG	Save changes
1492984047453	addons.xpi-utils	DEBUG	New add-on firefox@getpocket.com installed in app-system-defaults
1492984047461	DeferredSave.extensions.json	DEBUG	Save changes
1492984047461	addons.xpi-utils	DEBUG	New add-on webcompat@mozilla.org installed in app-system-defaults
1492984047466	DeferredSave.extensions.json	DEBUG	Save changes
1492984047467	addons.xpi-utils	DEBUG	New add-on {972ce4c6-7e08-4474-a285-3208198ce6fd} installed in app-global
1492984047473	DeferredSave.extensions.json	DEBUG	Starting write
1492984047480	DeferredSave.extensions.json	DEBUG	Save changes
1492984047481	DeferredSave.extensions.json	DEBUG	Data changed while write in progress
1492984047482	addons.manager	DEBUG	Registering startup change 'installed' for fxdriver@googlecode.com
1492984047482	addons.xpi-utils	DEBUG	Make addon app-profile:fxdriver@googlecode.com visible
1492984047483	DeferredSave.extensions.json	DEBUG	Save changes
1492984047483	addons.manager	DEBUG	Registering startup change 'installed' for aushelper@mozilla.org
1492984047495	addons.xpi	DEBUG	Loading bootstrap scope from /Applications/Firefox.app/Contents/Resources/browser/features/aushelper@mozilla.org.xpi
1492984047512	addons.xpi	DEBUG	Calling bootstrap method install on aushelper@mozilla.org version 2.0
1492984047512	addons.xpi-utils	DEBUG	Make addon app-system-defaults:aushelper@mozilla.org visible
1492984047513	DeferredSave.extensions.json	DEBUG	Save changes
1492984047514	addons.manager	DEBUG	Registering startup change 'installed' for e10srollout@mozilla.org
1492984047515	addons.xpi	DEBUG	Loading bootstrap scope from /Applications/Firefox.app/Contents/Resources/browser/features/e10srollout@mozilla.org.xpi
1492984047518	addons.xpi	DEBUG	Calling bootstrap method install on e10srollout@mozilla.org version 1.14
1492984047521	addons.xpi-utils	DEBUG	Make addon app-system-defaults:e10srollout@mozilla.org visible
1492984047522	DeferredSave.extensions.json	DEBUG	Save changes
1492984047522	addons.manager	DEBUG	Registering startup change 'installed' for firefox@getpocket.com
1492984047524	addons.xpi	DEBUG	Loading bootstrap scope from /Applications/Firefox.app/Contents/Resources/browser/features/firefox@getpocket.com.xpi
1492984047530	addons.xpi	DEBUG	Calling bootstrap method install on firefox@getpocket.com version 1.0.5
1492984047531	addons.xpi-utils	DEBUG	Make addon app-system-defaults:firefox@getpocket.com visible
1492984047531	DeferredSave.extensions.json	DEBUG	Save changes
1492984047532	addons.manager	DEBUG	Registering startup change 'installed' for webcompat@mozilla.org
1492984047532	addons.xpi	DEBUG	Loading bootstrap scope from /Applications/Firefox.app/Contents/Resources/browser/features/webcompat@mozilla.org.xpi
1492984047535	addons.xpi	DEBUG	Calling bootstrap method install on webcompat@mozilla.org version 1.0
1492984047535	addons.xpi-utils	DEBUG	Make addon app-system-defaults:webcompat@mozilla.org visible
1492984047537	DeferredSave.extensions.json	DEBUG	Save changes
1492984047537	addons.xpi-utils	DEBUG	Make addon app-global:{972ce4c6-7e08-4474-a285-3208198ce6fd} visible
1492984047538	DeferredSave.extensions.json	DEBUG	Save changes
1492984047540	addons.xpi	DEBUG	Updating XPIState for {"id":"fxdriver@googlecode.com","syncGUID":"{afa5d831-d0ad-db4d-9cb2-3ae35388511f}","location":"app-profile","version":"3.3.0","type":"extension","internalName":null,"updateURL":null,"updateKey":null,"optionsURL":null,"optionsType":null,"aboutURL":null,"icons":{},"iconURL":null,"icon64URL":null,"defaultLocale":{"name":"Firefox WebDriver","description":"WebDriver implementation for Firefox","creator":"Simon Stewart","homepageURL":null},"visible":true,"active":false,"userDisabled":false,"appDisabled":true,"descriptor":"/var/folders/4q/gls7zvhn3yb8dmf11j05php80000gn/T/anonymous1844023902494630559webdriver-profile/extensions/fxdriver@googlecode.com","installDate":1492984044000,"updateDate":1492984044000,"applyBackgroundUpdates":1,"bootstrap":false,"skinnable":false,"size":3267161,"sourceURI":null,"releaseNotesURI":null,"softDisabled":false,"foreignInstall":true,"hasBinaryComponents":false,"strictCompatibility":false,"locales":[],"targetApplications":[{"id":"{ec8030f7-c20a-464f-9b0e-13a3a9e97384}","minVersion":"3.0","maxVersion":"48.0"}],"targetPlatforms":[{"os":"Darwin","abi":null},{"os":"SunOS","abi":null},{"os":"FreeBSD","abi":null},{"os":"OpenBSD","abi":null},{"os":"WINNT","abi":null},{"os":"Linux","abi":null}],"multiprocessCompatible":false,"signedState":0,"seen":true,"dependencies":[],"hasEmbeddedWebExtension":false,"mpcOptedOut":false,"userPermissions":null}
1492984047540	addons.xpi	DEBUG	Updating XPIState for {"id":"aushelper@mozilla.org","syncGUID":"{69a40c8d-0a05-554a-8f8a-aeed40721012}","location":"app-system-defaults","version":"2.0","type":"extension","internalName":null,"updateURL":null,"updateKey":null,"optionsURL":null,"optionsType":null,"aboutURL":null,"icons":{},"iconURL":null,"icon64URL":null,"defaultLocale":{"name":"Application Update Service Helper","description":"Sets value(s) in the update url based on custom checks.","creator":null,"homepageURL":null},"visible":true,"active":true,"userDisabled":false,"appDisabled":false,"descriptor":"/Applications/Firefox.app/Contents/Resources/browser/features/aushelper@mozilla.org.xpi","installDate":1492140540000,"updateDate":1492140540000,"applyBackgroundUpdates":1,"bootstrap":true,"skinnable":false,"size":8486,"sourceURI":null,"releaseNotesURI":null,"softDisabled":false,"foreignInstall":false,"hasBinaryComponents":false,"strictCompatibility":false,"locales":[],"targetApplications":[{"id":"{ec8030f7-c20a-464f-9b0e-13a3a9e97384}","minVersion":"53.0","maxVersion":"53.*"}],"targetPlatforms":[],"multiprocessCompatible":true,"seen":true,"dependencies":[],"hasEmbeddedWebExtension":false,"mpcOptedOut":false,"userPermissions":null}
1492984047540	addons.xpi	DEBUG	getModTime: Recursive scan of aushelper@mozilla.org
1492984047541	addons.xpi	DEBUG	Updating XPIState for {"id":"e10srollout@mozilla.org","syncGUID":"{ee60c226-2c01-7a45-b17a-0bcacaa2bde5}","location":"app-system-defaults","version":"1.14","type":"extension","internalName":null,"updateURL":null,"updateKey":null,"optionsURL":null,"optionsType":null,"aboutURL":null,"icons":{},"iconURL":null,"icon64URL":null,"defaultLocale":{"name":"Multi-process staged rollout","description":"Staged rollout of Firefox multi-process feature.","creator":null,"homepageURL":null},"visible":true,"active":true,"userDisabled":false,"appDisabled":false,"descriptor":"/Applications/Firefox.app/Contents/Resources/browser/features/e10srollout@mozilla.org.xpi","installDate":1492140540000,"updateDate":1492140540000,"applyBackgroundUpdates":1,"bootstrap":true,"skinnable":false,"size":8476,"sourceURI":null,"releaseNotesURI":null,"softDisabled":false,"foreignInstall":false,"hasBinaryComponents":false,"strictCompatibility":false,"locales":[],"targetApplications":[{"id":"{ec8030f7-c20a-464f-9b0e-13a3a9e97384}","minVersion":"53.0","maxVersion":"53.*"}],"targetPlatforms":[],"multiprocessCompatible":true,"seen":true,"dependencies":[],"hasEmbeddedWebExtension":false,"mpcOptedOut":false,"userPermissions":null}
1492984047541	addons.xpi	DEBUG	getModTime: Recursive scan of e10srollout@mozilla.org
1492984047542	addons.xpi	DEBUG	Updating XPIState for {"id":"firefox@getpocket.com","syncGUID":"{6c6d32ee-3339-c440-86f8-fcaf0038a9b6}","location":"app-system-defaults","version":"1.0.5","type":"extension","internalName":null,"updateURL":null,"updateKey":null,"optionsURL":null,"optionsType":null,"aboutURL":null,"icons":{},"iconURL":null,"icon64URL":null,"defaultLocale":{"name":"Pocket","description":"When you find something you want to view later, put it in Pocket.","creator":null,"homepageURL":null},"visible":true,"active":true,"userDisabled":false,"appDisabled":false,"descriptor":"/Applications/Firefox.app/Contents/Resources/browser/features/firefox@getpocket.com.xpi","installDate":1492140541000,"updateDate":1492140541000,"applyBackgroundUpdates":1,"bootstrap":true,"skinnable":false,"size":913563,"sourceURI":null,"releaseNotesURI":null,"softDisabled":false,"foreignInstall":false,"hasBinaryComponents":false,"strictCompatibility":false,"locales":[],"targetApplications":[{"id":"{ec8030f7-c20a-464f-9b0e-13a3a9e97384}","minVersion":"53.0","maxVersion":"53.*"}],"targetPlatforms":[],"multiprocessCompatible":true,"seen":true,"dependencies":[],"hasEmbeddedWebExtension":false,"mpcOptedOut":false,"userPermissions":null}
1492984047542	addons.xpi	DEBUG	getModTime: Recursive scan of firefox@getpocket.com
1492984047542	addons.xpi	DEBUG	Updating XPIState for {"id":"webcompat@mozilla.org","syncGUID":"{c3badd51-23c7-1646-8f2b-41414a346411}","location":"app-system-defaults","version":"1.0","type":"extension","internalName":null,"updateURL":null,"updateKey":null,"optionsURL":null,"optionsType":null,"aboutURL":null,"icons":{},"iconURL":null,"icon64URL":null,"defaultLocale":{"name":"Web Compat","description":"Urgent post-release fixes for web compatibility.","creator":null,"homepageURL":null},"visible":true,"active":true,"userDisabled":false,"appDisabled":false,"descriptor":"/Applications/Firefox.app/Contents/Resources/browser/features/webcompat@mozilla.org.xpi","installDate":1492140541000,"updateDate":1492140541000,"applyBackgroundUpdates":1,"bootstrap":true,"skinnable":false,"size":1454,"sourceURI":null,"releaseNotesURI":null,"softDisabled":false,"foreignInstall":false,"hasBinaryComponents":false,"strictCompatibility":false,"locales":[],"targetApplications":[{"id":"{ec8030f7-c20a-464f-9b0e-13a3a9e97384}","minVersion":"53.0","maxVersion":"53.*"}],"targetPlatforms":[],"multiprocessCompatible":true,"seen":true,"dependencies":[],"hasEmbeddedWebExtension":false,"mpcOptedOut":false,"userPermissions":null}
1492984047543	addons.xpi	DEBUG	getModTime: Recursive scan of webcompat@mozilla.org
1492984047544	addons.xpi	DEBUG	Updating XPIState for {"id":"{972ce4c6-7e08-4474-a285-3208198ce6fd}","syncGUID":"{fe44f593-e6da-3147-84f3-352969bed0e7}","location":"app-global","version":"53.0","type":"theme","internalName":"classic/1.0","updateURL":null,"updateKey":null,"optionsURL":null,"optionsType":null,"aboutURL":null,"icons":{},"iconURL":"chrome://browser/content/default-theme-icon.svg","icon64URL":null,"defaultLocale":{"name":"Default","description":"The default theme.","creator":"Mozilla","homepageURL":null,"contributors":["Mozilla Contributors"]},"visible":true,"active":true,"userDisabled":false,"appDisabled":false,"descriptor":"/Applications/Firefox.app/Contents/Resources/browser/extensions/{972ce4c6-7e08-4474-a285-3208198ce6fd}.xpi","installDate":1492140540000,"updateDate":1492140540000,"applyBackgroundUpdates":1,"skinnable":true,"size":4332,"sourceURI":null,"releaseNotesURI":null,"softDisabled":false,"foreignInstall":false,"hasBinaryComponents":false,"strictCompatibility":true,"locales":[],"targetApplications":[{"id":"{ec8030f7-c20a-464f-9b0e-13a3a9e97384}","minVersion":"53.0","maxVersion":"53.0"}],"targetPlatforms":[],"seen":true,"dependencies":[],"hasEmbeddedWebExtension":false,"userPermissions":null}
1492984047544	addons.xpi	DEBUG	getModTime: Recursive scan of {972ce4c6-7e08-4474-a285-3208198ce6fd}
1492984047545	DeferredSave.extensions.json	DEBUG	Save changes
1492984047545	addons.xpi	DEBUG	Updating database with changes to installed add-ons
1492984047545	addons.xpi-utils	DEBUG	Updating add-on states
1492984047546	addons.xpi-utils	DEBUG	Writing add-ons list
1492984047548	addons.xpi	DEBUG	Registering manifest for /Applications/Firefox.app/Contents/Resources/browser/features/aushelper@mozilla.org.xpi
1492984047549	addons.xpi	DEBUG	Calling bootstrap method startup on aushelper@mozilla.org version 2.0
1492984047550	addons.xpi	DEBUG	Registering manifest for /Applications/Firefox.app/Contents/Resources/browser/features/e10srollout@mozilla.org.xpi
1492984047550	addons.xpi	DEBUG	Calling bootstrap method startup on e10srollout@mozilla.org version 1.14
1492984047551	addons.xpi	DEBUG	Registering manifest for /Applications/Firefox.app/Contents/Resources/browser/features/firefox@getpocket.com.xpi
1492984047552	addons.xpi	DEBUG	Calling bootstrap method startup on firefox@getpocket.com version 1.0.5
1492984047554	addons.xpi	DEBUG	Registering manifest for /Applications/Firefox.app/Contents/Resources/browser/features/webcompat@mozilla.org.xpi
1492984047554	addons.xpi	DEBUG	Calling bootstrap method startup on webcompat@mozilla.org version 1.0
1492984047560	addons.manager	DEBUG	Registering shutdown blocker for XPIProvider
1492984047561	addons.manager	DEBUG	Provider finished startup: XPIProvider
1492984047562	addons.manager	DEBUG	Starting provider: LightweightThemeManager
1492984047562	addons.manager	DEBUG	Registering shutdown blocker for LightweightThemeManager
1492984047563	addons.manager	DEBUG	Provider finished startup: LightweightThemeManager
1492984047564	addons.manager	DEBUG	Starting provider: GMPProvider
1492984047573	addons.manager	DEBUG	Registering shutdown blocker for GMPProvider
1492984047573	addons.manager	DEBUG	Provider finished startup: GMPProvider
1492984047573	addons.manager	DEBUG	Starting provider: PluginProvider
1492984047574	addons.manager	DEBUG	Registering shutdown blocker for PluginProvider
1492984047574	addons.manager	DEBUG	Provider finished startup: PluginProvider
1492984047575	addons.manager	DEBUG	Completed startup sequence
1492984048291	addons.manager	DEBUG	Starting provider: <unnamed-provider>
1492984048291	addons.manager	DEBUG	Registering shutdown blocker for <unnamed-provider>
1492984048292	addons.manager	DEBUG	Provider finished startup: <unnamed-provider>
1492984048481	DeferredSave.extensions.json	DEBUG	Write succeeded
1492984048481	addons.xpi-utils	DEBUG	XPI Database saved, setting schema version preference to 19
1492984048482	DeferredSave.extensions.json	DEBUG	Starting timer
1492984048494	addons.repository	DEBUG	No addons.json found.
1492984048495	DeferredSave.addons.json	DEBUG	Save changes
1492984048498	DeferredSave.addons.json	DEBUG	Starting timer
1492984048914	addons.manager	DEBUG	Starting provider: PreviousExperimentProvider
1492984048914	addons.manager	DEBUG	Registering shutdown blocker for PreviousExperimentProvider
1492984048915	addons.manager	DEBUG	Provider finished startup: PreviousExperimentProvider
1492984048932	DeferredSave.extensions.json	DEBUG	Starting write
1492984048933	DeferredSave.addons.json	DEBUG	Starting write
1492984048961	DeferredSave.extensions.json	DEBUG	Write succeeded
1492984048965	DeferredSave.addons.json	DEBUG	Write succeeded
2017-04-24 03:17:30.683 plugin-container[9963:756344] *** CFMessagePort: bootstrap_register(): failed 1100 (0x44c) 'Permission denied', port = 0x873f, name = 'com.apple.tsm.portname'
See /usr/include/servers/bootstrap_defs.h for the error codes.
2017-04-24 03:17:30.684 plugin-container[9963:756344] *** CFMessagePort: bootstrap_register(): failed 1100 (0x44c) 'Permission denied', port = 0x461b, name = 'com.apple.CFPasteboardClient'
See /usr/include/servers/bootstrap_defs.h for the error codes.
2017-04-24 03:17:30.684 plugin-container[9963:756344] void __CFPasteboardSetup() : Failed to allocate communication port for com.apple.CFPasteboardClient; this is likely due to sandbox restrictions

	at org.openqa.selenium.firefox.internal.NewProfileExtensionConnection.start(NewProfileExtensionConnection.java:112)
	... 31 more
]]>
    </error>
  </testcase> <!-- launchBrowser -->
</testsuite> <!-- TestClasses.HomePageTest -->
