<?xml version="1.0" encoding="UTF-8"?>
<!-- Generated by org.testng.reporters.JUnitReportReporter -->
<testsuite skipped="0" hostname="SILICUS215" name="TestClasses.HomePageTest" tests="3" failures="0" timestamp="25 Apr 2017 09:31:23 GMT" time="2.070" errors="0">
  <testcase name="testLogout" time="0.094" classname="TestClasses.HomePageTest"/>
  <testcase name="testLogin" time="1.820" classname="TestClasses.HomePageTest"/>
  <testcase name="testEmployeeSearch" time="0.156" classname="TestClasses.HomePageTest"/>
</testsuite> <!-- TestClasses.HomePageTest -->
